#
# There is insufficient memory for the Java Runtime Environment to continue.
# Native memory allocation (malloc) failed to allocate 32744 bytes for ChunkPool::allocate
# Possible reasons:
#   The system is out of physical RAM or swap space
#   The process is running with CompressedOops enabled, and the Java Heap may be blocking the growth of the native heap
# Possible solutions:
#   Reduce memory load on the system
#   Increase physical memory or swap space
#   Check if swap backing store is full
#   Decrease Java heap size (-Xmx/-Xms)
#   Decrease number of Java threads
#   Decrease Java thread stack sizes (-Xss)
#   Set larger code cache with -XX:ReservedCodeCacheSize=
#   JVM is running with Unscaled Compressed Oops mode in which the Java heap is
#     placed in the first 4GB address space. The Java Heap base address is the
#     maximum limit for the native heap growth. Please use -XX:HeapBaseMinAddress
#     to set the Java Heap base and to place the Java Heap above 4GB virtual address.
# This output file may be truncated or incomplete.
#
#  Out of Memory Error (./open/src/hotspot/share/memory/arena.cpp:79), pid=2252, tid=3924
#
# JRE version: OpenJDK Runtime Environment (15.0.2+7) (build 15.0.2+7-27)
# Java VM: OpenJDK 64-Bit Server VM (15.0.2+7-27, mixed mode, tiered, compressed oops, g1 gc, windows-amd64)
# No core dump will be written. Minidumps are not enabled by default on client versions of Windows
#

---------------  S U M M A R Y ------------

Command Line: -Dfile.encoding=GBK -XX:+ShowCodeDetailsInExceptionMessages BallGame

Host: Intel(R) Core(TM) i5-9300H CPU @ 2.40GHz, 8 cores, 7G,  Windows 10 , 64 bit Build 19041 (10.0.19041.1202)
Time: Mon Nov  8 04:35:20 2021 西欧标准时间 elapsed time: 4418.984921 seconds (0d 1h 13m 38s)

---------------  T H R E A D  ---------------

Current thread (0x000001a6ed264d50):  JavaThread "C2 CompilerThread0" daemon [_thread_in_native, id=3924, stack(0x000000770f000000,0x000000770f100000)]


Current CompileTask:
C2:4418985 1067       4       jdk.internal.org.objectweb.asm.ByteVector::putShort (52 bytes)

Stack: [0x000000770f000000,0x000000770f100000]
Native frames: (J=compiled Java code, j=interpreted, Vv=VM code, C=native code)
V  [jvm.dll+0x62ae9a]
V  [jvm.dll+0x7817a9]
V  [jvm.dll+0x782f03]
V  [jvm.dll+0x783563]
V  [jvm.dll+0x216325]
V  [jvm.dll+0x982cf]
V  [jvm.dll+0x9861c]
V  [jvm.dll+0x279f9f]
V  [jvm.dll+0x540794]
V  [jvm.dll+0x1f3124]
V  [jvm.dll+0x1ecaf1]
V  [jvm.dll+0x1e9867]
V  [jvm.dll+0x178567]
V  [jvm.dll+0x1f9225]
V  [jvm.dll+0x1f72cc]
V  [jvm.dll+0x74495d]
V  [jvm.dll+0x73d75a]
V  [jvm.dll+0x629c56]
C  [ucrtbase.dll+0x21bb2]
C  [KERNEL32.DLL+0x17034]
C  [ntdll.dll+0x52651]


---------------  P R O C E S S  ---------------

Threads class SMR info:
_java_thread_list=0x000001a6ee256d70, length=15, elements={
0x000001a6d2fe3120, 0x000001a6ed267c60, 0x000001a6ed268620, 0x000001a6edad4920,
0x000001a6edad51e0, 0x000001a6ed263030, 0x000001a6ed264d50, 0x000001a6edaaa3b0,
0x000001a6edaaa9c0, 0x000001a6edc4f550, 0x000001a6edc72f20, 0x000001a6ede6e9d0,
0x000001a6ee0a3440, 0x000001a6ee06d9c0, 0x000001a6ee12edb0
}

Java Threads: ( => current thread )
  0x000001a6d2fe3120 JavaThread "main" [_thread_blocked, id=18880, stack(0x000000770e400000,0x000000770e500000)]
  0x000001a6ed267c60 JavaThread "Reference Handler" daemon [_thread_blocked, id=2348, stack(0x000000770eb00000,0x000000770ec00000)]
  0x000001a6ed268620 JavaThread "Finalizer" daemon [_thread_blocked, id=7304, stack(0x000000770ec00000,0x000000770ed00000)]
  0x000001a6edad4920 JavaThread "Signal Dispatcher" daemon [_thread_blocked, id=27120, stack(0x000000770ed00000,0x000000770ee00000)]
  0x000001a6edad51e0 JavaThread "Attach Listener" daemon [_thread_blocked, id=20684, stack(0x000000770ee00000,0x000000770ef00000)]
  0x000001a6ed263030 JavaThread "Service Thread" daemon [_thread_blocked, id=7064, stack(0x000000770ef00000,0x000000770f000000)]
=>0x000001a6ed264d50 JavaThread "C2 CompilerThread0" daemon [_thread_in_native, id=3924, stack(0x000000770f000000,0x000000770f100000)]
  0x000001a6edaaa3b0 JavaThread "C1 CompilerThread0" daemon [_thread_blocked, id=7664, stack(0x000000770f100000,0x000000770f200000)]
  0x000001a6edaaa9c0 JavaThread "Sweeper thread" daemon [_thread_blocked, id=18620, stack(0x000000770f200000,0x000000770f300000)]
  0x000001a6edc4f550 JavaThread "Notification Thread" daemon [_thread_blocked, id=7224, stack(0x000000770f300000,0x000000770f400000)]
  0x000001a6edc72f20 JavaThread "Common-Cleaner" daemon [_thread_blocked, id=22552, stack(0x000000770f500000,0x000000770f600000)]
  0x000001a6ede6e9d0 JavaThread "Java2D Disposer" daemon [_thread_blocked, id=8212, stack(0x000000770f600000,0x000000770f700000)]
  0x000001a6ee0a3440 JavaThread "AWT-Shutdown" [_thread_blocked, id=26164, stack(0x000000770f700000,0x000000770f800000)]
  0x000001a6ee06d9c0 JavaThread "AWT-Windows" daemon [_thread_in_native, id=5096, stack(0x000000770f800000,0x000000770f900000)]
  0x000001a6ee12edb0 JavaThread "AWT-EventQueue-0" [_thread_blocked, id=1420, stack(0x000000770f900000,0x000000770fa00000)]

Other Threads:
  0x000001a6eda7cfd0 VMThread "VM Thread" [stack: 0x000000770ea00000,0x000000770eb00000] [id=24084]
  0x000001a6edc60440 WatcherThread [stack: 0x000000770f400000,0x000000770f500000] [id=25936]
  0x000001a6d30264c0 GCTaskThread "GC Thread#0" [stack: 0x000000770e500000,0x000000770e600000] [id=27848]
  0x000001a6d30381f0 ConcurrentGCThread "G1 Main Marker" [stack: 0x000000770e600000,0x000000770e700000] [id=25368]
  0x000001a6d3039510 ConcurrentGCThread "G1 Conc#0" [stack: 0x000000770e700000,0x000000770e800000] [id=24224]
  0x000001a6ed080490 ConcurrentGCThread "G1 Refine#0" [stack: 0x000000770e800000,0x000000770e900000] [id=21920]
  0x000001a6ed080fa0 ConcurrentGCThread "G1 Young RemSet Sampling" [stack: 0x000000770e900000,0x000000770ea00000] [id=10980]

Threads with active compile tasks:
C2 CompilerThread0  4419025 1067       4       jdk.internal.org.objectweb.asm.ByteVector::putShort (52 bytes)

VM state: not at safepoint (normal execution)

VM Mutex/Monitor currently owned by a thread: None

Heap address: 0x0000000082600000, size: 2010 MB, Compressed Oops mode: 32-bit
CDS disabled.
Compressed class space mapped at: 0x0000000100000000-0x0000000140000000, size: 1073741824
Narrow klass base: 0x0000000000000000, Narrow klass shift: 3, Narrow klass range: 0x140000000

GC Precious Log:
 CPUs: 8 total, 8 available
 Memory: 8033M
 Large Page Support: Disabled
 NUMA Support: Disabled
 Compressed Oops: Enabled (32-bit)
 Heap Region Size: 1M
 Heap Min Capacity: 8M
 Heap Initial Capacity: 126M
 Heap Max Capacity: 2010M
 Pre-touch: Disabled
 Parallel Workers: 8
 Concurrent Workers: 2
 Concurrent Refinement Workers: 8
 Periodic GC: Disabled

Heap:
 garbage-first heap   total 129024K, used 13312K [0x0000000082600000, 0x0000000100000000)
  region size 1024K, 10 young (10240K), 0 survivors (0K)
 Metaspace       used 13114K, capacity 13328K, committed 13568K, reserved 1060864K
  class space    used 1219K, capacity 1278K, committed 1280K, reserved 1048576K

Heap Regions: E=young(eden), S=young(survivor), O=old, HS=humongous(starts), HC=humongous(continues), CS=collection set, F=free, OA=open archive, CA=closed archive, TAMS=top-at-mark-start (previous, next)
|   0|0x0000000082600000, 0x0000000082700000, 0x0000000082700000|100%|HS|  |TAMS 0x0000000082600000, 0x0000000082600000| Complete 
|   1|0x0000000082700000, 0x0000000082800000, 0x0000000082800000|100%|HC|  |TAMS 0x0000000082700000, 0x0000000082700000| Complete 
|   2|0x0000000082800000, 0x0000000082900000, 0x0000000082900000|100%|HS|  |TAMS 0x0000000082800000, 0x0000000082800000| Complete 
|   3|0x0000000082900000, 0x0000000082a00000, 0x0000000082a00000|100%|HC|  |TAMS 0x0000000082900000, 0x0000000082900000| Complete 
|   4|0x0000000082a00000, 0x0000000082a00000, 0x0000000082b00000|  0%| F|  |TAMS 0x0000000082a00000, 0x0000000082a00000| Untracked 
|   5|0x0000000082b00000, 0x0000000082b00000, 0x0000000082c00000|  0%| F|  |TAMS 0x0000000082b00000, 0x0000000082b00000| Untracked 
|   6|0x0000000082c00000, 0x0000000082c00000, 0x0000000082d00000|  0%| F|  |TAMS 0x0000000082c00000, 0x0000000082c00000| Untracked 
|   7|0x0000000082d00000, 0x0000000082d00000, 0x0000000082e00000|  0%| F|  |TAMS 0x0000000082d00000, 0x0000000082d00000| Untracked 
|   8|0x0000000082e00000, 0x0000000082e00000, 0x0000000082f00000|  0%| F|  |TAMS 0x0000000082e00000, 0x0000000082e00000| Untracked 
|   9|0x0000000082f00000, 0x0000000082f00000, 0x0000000083000000|  0%| F|  |TAMS 0x0000000082f00000, 0x0000000082f00000| Untracked 
|  10|0x0000000083000000, 0x0000000083000000, 0x0000000083100000|  0%| F|  |TAMS 0x0000000083000000, 0x0000000083000000| Untracked 
|  11|0x0000000083100000, 0x0000000083100000, 0x0000000083200000|  0%| F|  |TAMS 0x0000000083100000, 0x0000000083100000| Untracked 
|  12|0x0000000083200000, 0x0000000083200000, 0x0000000083300000|  0%| F|  |TAMS 0x0000000083200000, 0x0000000083200000| Untracked 
|  13|0x0000000083300000, 0x0000000083300000, 0x0000000083400000|  0%| F|  |TAMS 0x0000000083300000, 0x0000000083300000| Untracked 
|  14|0x0000000083400000, 0x0000000083400000, 0x0000000083500000|  0%| F|  |TAMS 0x0000000083400000, 0x0000000083400000| Untracked 
|  15|0x0000000083500000, 0x0000000083500000, 0x0000000083600000|  0%| F|  |TAMS 0x0000000083500000, 0x0000000083500000| Untracked 
|  16|0x0000000083600000, 0x0000000083600000, 0x0000000083700000|  0%| F|  |TAMS 0x0000000083600000, 0x0000000083600000| Untracked 
|  17|0x0000000083700000, 0x0000000083700000, 0x0000000083800000|  0%| F|  |TAMS 0x0000000083700000, 0x0000000083700000| Untracked 
|  18|0x0000000083800000, 0x0000000083800000, 0x0000000083900000|  0%| F|  |TAMS 0x0000000083800000, 0x0000000083800000| Untracked 
|  19|0x0000000083900000, 0x0000000083900000, 0x0000000083a00000|  0%| F|  |TAMS 0x0000000083900000, 0x0000000083900000| Untracked 
|  20|0x0000000083a00000, 0x0000000083a00000, 0x0000000083b00000|  0%| F|  |TAMS 0x0000000083a00000, 0x0000000083a00000| Untracked 
|  21|0x0000000083b00000, 0x0000000083b00000, 0x0000000083c00000|  0%| F|  |TAMS 0x0000000083b00000, 0x0000000083b00000| Untracked 
|  22|0x0000000083c00000, 0x0000000083c00000, 0x0000000083d00000|  0%| F|  |TAMS 0x0000000083c00000, 0x0000000083c00000| Untracked 
|  23|0x0000000083d00000, 0x0000000083d00000, 0x0000000083e00000|  0%| F|  |TAMS 0x0000000083d00000, 0x0000000083d00000| Untracked 
|  24|0x0000000083e00000, 0x0000000083e00000, 0x0000000083f00000|  0%| F|  |TAMS 0x0000000083e00000, 0x0000000083e00000| Untracked 
|  25|0x0000000083f00000, 0x0000000083f00000, 0x0000000084000000|  0%| F|  |TAMS 0x0000000083f00000, 0x0000000083f00000| Untracked 
|  26|0x0000000084000000, 0x0000000084000000, 0x0000000084100000|  0%| F|  |TAMS 0x0000000084000000, 0x0000000084000000| Untracked 
|  27|0x0000000084100000, 0x0000000084100000, 0x0000000084200000|  0%| F|  |TAMS 0x0000000084100000, 0x0000000084100000| Untracked 
|  28|0x0000000084200000, 0x0000000084200000, 0x0000000084300000|  0%| F|  |TAMS 0x0000000084200000, 0x0000000084200000| Untracked 
|  29|0x0000000084300000, 0x0000000084300000, 0x0000000084400000|  0%| F|  |TAMS 0x0000000084300000, 0x0000000084300000| Untracked 
|  30|0x0000000084400000, 0x0000000084400000, 0x0000000084500000|  0%| F|  |TAMS 0x0000000084400000, 0x0000000084400000| Untracked 
|  31|0x0000000084500000, 0x0000000084500000, 0x0000000084600000|  0%| F|  |TAMS 0x0000000084500000, 0x0000000084500000| Untracked 
|  32|0x0000000084600000, 0x0000000084600000, 0x0000000084700000|  0%| F|  |TAMS 0x0000000084600000, 0x0000000084600000| Untracked 
|  33|0x0000000084700000, 0x0000000084700000, 0x0000000084800000|  0%| F|  |TAMS 0x0000000084700000, 0x0000000084700000| Untracked 
|  34|0x0000000084800000, 0x0000000084800000, 0x0000000084900000|  0%| F|  |TAMS 0x0000000084800000, 0x0000000084800000| Untracked 
|  35|0x0000000084900000, 0x0000000084900000, 0x0000000084a00000|  0%| F|  |TAMS 0x0000000084900000, 0x0000000084900000| Untracked 
|  36|0x0000000084a00000, 0x0000000084a00000, 0x0000000084b00000|  0%| F|  |TAMS 0x0000000084a00000, 0x0000000084a00000| Untracked 
|  37|0x0000000084b00000, 0x0000000084b00000, 0x0000000084c00000|  0%| F|  |TAMS 0x0000000084b00000, 0x0000000084b00000| Untracked 
|  38|0x0000000084c00000, 0x0000000084c00000, 0x0000000084d00000|  0%| F|  |TAMS 0x0000000084c00000, 0x0000000084c00000| Untracked 
|  39|0x0000000084d00000, 0x0000000084d00000, 0x0000000084e00000|  0%| F|  |TAMS 0x0000000084d00000, 0x0000000084d00000| Untracked 
|  40|0x0000000084e00000, 0x0000000084e00000, 0x0000000084f00000|  0%| F|  |TAMS 0x0000000084e00000, 0x0000000084e00000| Untracked 
|  41|0x0000000084f00000, 0x0000000084f00000, 0x0000000085000000|  0%| F|  |TAMS 0x0000000084f00000, 0x0000000084f00000| Untracked 
|  42|0x0000000085000000, 0x0000000085000000, 0x0000000085100000|  0%| F|  |TAMS 0x0000000085000000, 0x0000000085000000| Untracked 
|  43|0x0000000085100000, 0x0000000085100000, 0x0000000085200000|  0%| F|  |TAMS 0x0000000085100000, 0x0000000085100000| Untracked 
|  44|0x0000000085200000, 0x0000000085200000, 0x0000000085300000|  0%| F|  |TAMS 0x0000000085200000, 0x0000000085200000| Untracked 
|  45|0x0000000085300000, 0x0000000085300000, 0x0000000085400000|  0%| F|  |TAMS 0x0000000085300000, 0x0000000085300000| Untracked 
|  46|0x0000000085400000, 0x0000000085400000, 0x0000000085500000|  0%| F|  |TAMS 0x0000000085400000, 0x0000000085400000| Untracked 
|  47|0x0000000085500000, 0x0000000085500000, 0x0000000085600000|  0%| F|  |TAMS 0x0000000085500000, 0x0000000085500000| Untracked 
|  48|0x0000000085600000, 0x0000000085600000, 0x0000000085700000|  0%| F|  |TAMS 0x0000000085600000, 0x0000000085600000| Untracked 
|  49|0x0000000085700000, 0x0000000085700000, 0x0000000085800000|  0%| F|  |TAMS 0x0000000085700000, 0x0000000085700000| Untracked 
|  50|0x0000000085800000, 0x0000000085800000, 0x0000000085900000|  0%| F|  |TAMS 0x0000000085800000, 0x0000000085800000| Untracked 
|  51|0x0000000085900000, 0x0000000085900000, 0x0000000085a00000|  0%| F|  |TAMS 0x0000000085900000, 0x0000000085900000| Untracked 
|  52|0x0000000085a00000, 0x0000000085a00000, 0x0000000085b00000|  0%| F|  |TAMS 0x0000000085a00000, 0x0000000085a00000| Untracked 
|  53|0x0000000085b00000, 0x0000000085b00000, 0x0000000085c00000|  0%| F|  |TAMS 0x0000000085b00000, 0x0000000085b00000| Untracked 
|  54|0x0000000085c00000, 0x0000000085c00000, 0x0000000085d00000|  0%| F|  |TAMS 0x0000000085c00000, 0x0000000085c00000| Untracked 
|  55|0x0000000085d00000, 0x0000000085d00000, 0x0000000085e00000|  0%| F|  |TAMS 0x0000000085d00000, 0x0000000085d00000| Untracked 
|  56|0x0000000085e00000, 0x0000000085e00000, 0x0000000085f00000|  0%| F|  |TAMS 0x0000000085e00000, 0x0000000085e00000| Untracked 
|  57|0x0000000085f00000, 0x0000000085f00000, 0x0000000086000000|  0%| F|  |TAMS 0x0000000085f00000, 0x0000000085f00000| Untracked 
|  58|0x0000000086000000, 0x0000000086000000, 0x0000000086100000|  0%| F|  |TAMS 0x0000000086000000, 0x0000000086000000| Untracked 
|  59|0x0000000086100000, 0x0000000086100000, 0x0000000086200000|  0%| F|  |TAMS 0x0000000086100000, 0x0000000086100000| Untracked 
|  60|0x0000000086200000, 0x0000000086200000, 0x0000000086300000|  0%| F|  |TAMS 0x0000000086200000, 0x0000000086200000| Untracked 
|  61|0x0000000086300000, 0x0000000086300000, 0x0000000086400000|  0%| F|  |TAMS 0x0000000086300000, 0x0000000086300000| Untracked 
|  62|0x0000000086400000, 0x0000000086400000, 0x0000000086500000|  0%| F|  |TAMS 0x0000000086400000, 0x0000000086400000| Untracked 
|  63|0x0000000086500000, 0x0000000086500000, 0x0000000086600000|  0%| F|  |TAMS 0x0000000086500000, 0x0000000086500000| Untracked 
|  64|0x0000000086600000, 0x0000000086600000, 0x0000000086700000|  0%| F|  |TAMS 0x0000000086600000, 0x0000000086600000| Untracked 
|  65|0x0000000086700000, 0x0000000086700000, 0x0000000086800000|  0%| F|  |TAMS 0x0000000086700000, 0x0000000086700000| Untracked 
|  66|0x0000000086800000, 0x0000000086800000, 0x0000000086900000|  0%| F|  |TAMS 0x0000000086800000, 0x0000000086800000| Untracked 
|  67|0x0000000086900000, 0x0000000086900000, 0x0000000086a00000|  0%| F|  |TAMS 0x0000000086900000, 0x0000000086900000| Untracked 
|  68|0x0000000086a00000, 0x0000000086a00000, 0x0000000086b00000|  0%| F|  |TAMS 0x0000000086a00000, 0x0000000086a00000| Untracked 
|  69|0x0000000086b00000, 0x0000000086b00000, 0x0000000086c00000|  0%| F|  |TAMS 0x0000000086b00000, 0x0000000086b00000| Untracked 
|  70|0x0000000086c00000, 0x0000000086c00000, 0x0000000086d00000|  0%| F|  |TAMS 0x0000000086c00000, 0x0000000086c00000| Untracked 
|  71|0x0000000086d00000, 0x0000000086d00000, 0x0000000086e00000|  0%| F|  |TAMS 0x0000000086d00000, 0x0000000086d00000| Untracked 
|  72|0x0000000086e00000, 0x0000000086e00000, 0x0000000086f00000|  0%| F|  |TAMS 0x0000000086e00000, 0x0000000086e00000| Untracked 
|  73|0x0000000086f00000, 0x0000000086f00000, 0x0000000087000000|  0%| F|  |TAMS 0x0000000086f00000, 0x0000000086f00000| Untracked 
|  74|0x0000000087000000, 0x0000000087000000, 0x0000000087100000|  0%| F|  |TAMS 0x0000000087000000, 0x0000000087000000| Untracked 
|  75|0x0000000087100000, 0x0000000087100000, 0x0000000087200000|  0%| F|  |TAMS 0x0000000087100000, 0x0000000087100000| Untracked 
|  76|0x0000000087200000, 0x0000000087200000, 0x0000000087300000|  0%| F|  |TAMS 0x0000000087200000, 0x0000000087200000| Untracked 
|  77|0x0000000087300000, 0x0000000087300000, 0x0000000087400000|  0%| F|  |TAMS 0x0000000087300000, 0x0000000087300000| Untracked 
|  78|0x0000000087400000, 0x0000000087400000, 0x0000000087500000|  0%| F|  |TAMS 0x0000000087400000, 0x0000000087400000| Untracked 
|  79|0x0000000087500000, 0x0000000087500000, 0x0000000087600000|  0%| F|  |TAMS 0x0000000087500000, 0x0000000087500000| Untracked 
|  80|0x0000000087600000, 0x0000000087600000, 0x0000000087700000|  0%| F|  |TAMS 0x0000000087600000, 0x0000000087600000| Untracked 
|  81|0x0000000087700000, 0x0000000087700000, 0x0000000087800000|  0%| F|  |TAMS 0x0000000087700000, 0x0000000087700000| Untracked 
|  82|0x0000000087800000, 0x0000000087800000, 0x0000000087900000|  0%| F|  |TAMS 0x0000000087800000, 0x0000000087800000| Untracked 
|  83|0x0000000087900000, 0x0000000087900000, 0x0000000087a00000|  0%| F|  |TAMS 0x0000000087900000, 0x0000000087900000| Untracked 
|  84|0x0000000087a00000, 0x0000000087a00000, 0x0000000087b00000|  0%| F|  |TAMS 0x0000000087a00000, 0x0000000087a00000| Untracked 
|  85|0x0000000087b00000, 0x0000000087b00000, 0x0000000087c00000|  0%| F|  |TAMS 0x0000000087b00000, 0x0000000087b00000| Untracked 
|  86|0x0000000087c00000, 0x0000000087c00000, 0x0000000087d00000|  0%| F|  |TAMS 0x0000000087c00000, 0x0000000087c00000| Untracked 
|  87|0x0000000087d00000, 0x0000000087d00000, 0x0000000087e00000|  0%| F|  |TAMS 0x0000000087d00000, 0x0000000087d00000| Untracked 
|  88|0x0000000087e00000, 0x0000000087e00000, 0x0000000087f00000|  0%| F|  |TAMS 0x0000000087e00000, 0x0000000087e00000| Untracked 
|  89|0x0000000087f00000, 0x0000000087f00000, 0x0000000088000000|  0%| F|  |TAMS 0x0000000087f00000, 0x0000000087f00000| Untracked 
|  90|0x0000000088000000, 0x0000000088000000, 0x0000000088100000|  0%| F|  |TAMS 0x0000000088000000, 0x0000000088000000| Untracked 
|  91|0x0000000088100000, 0x0000000088100000, 0x0000000088200000|  0%| F|  |TAMS 0x0000000088100000, 0x0000000088100000| Untracked 
|  92|0x0000000088200000, 0x0000000088200000, 0x0000000088300000|  0%| F|  |TAMS 0x0000000088200000, 0x0000000088200000| Untracked 
|  93|0x0000000088300000, 0x0000000088300000, 0x0000000088400000|  0%| F|  |TAMS 0x0000000088300000, 0x0000000088300000| Untracked 
|  94|0x0000000088400000, 0x0000000088400000, 0x0000000088500000|  0%| F|  |TAMS 0x0000000088400000, 0x0000000088400000| Untracked 
|  95|0x0000000088500000, 0x0000000088500000, 0x0000000088600000|  0%| F|  |TAMS 0x0000000088500000, 0x0000000088500000| Untracked 
|  96|0x0000000088600000, 0x0000000088600000, 0x0000000088700000|  0%| F|  |TAMS 0x0000000088600000, 0x0000000088600000| Untracked 
|  97|0x0000000088700000, 0x0000000088700000, 0x0000000088800000|  0%| F|  |TAMS 0x0000000088700000, 0x0000000088700000| Untracked 
|  98|0x0000000088800000, 0x0000000088800000, 0x0000000088900000|  0%| F|  |TAMS 0x0000000088800000, 0x0000000088800000| Untracked 
|  99|0x0000000088900000, 0x0000000088900000, 0x0000000088a00000|  0%| F|  |TAMS 0x0000000088900000, 0x0000000088900000| Untracked 
| 100|0x0000000088a00000, 0x0000000088a00000, 0x0000000088b00000|  0%| F|  |TAMS 0x0000000088a00000, 0x0000000088a00000| Untracked 
| 101|0x0000000088b00000, 0x0000000088b00000, 0x0000000088c00000|  0%| F|  |TAMS 0x0000000088b00000, 0x0000000088b00000| Untracked 
| 102|0x0000000088c00000, 0x0000000088c00000, 0x0000000088d00000|  0%| F|  |TAMS 0x0000000088c00000, 0x0000000088c00000| Untracked 
| 103|0x0000000088d00000, 0x0000000088d00000, 0x0000000088e00000|  0%| F|  |TAMS 0x0000000088d00000, 0x0000000088d00000| Untracked 
| 104|0x0000000088e00000, 0x0000000088e00000, 0x0000000088f00000|  0%| F|  |TAMS 0x0000000088e00000, 0x0000000088e00000| Untracked 
| 105|0x0000000088f00000, 0x0000000088f00000, 0x0000000089000000|  0%| F|  |TAMS 0x0000000088f00000, 0x0000000088f00000| Untracked 
| 106|0x0000000089000000, 0x0000000089000000, 0x0000000089100000|  0%| F|  |TAMS 0x0000000089000000, 0x0000000089000000| Untracked 
| 107|0x0000000089100000, 0x0000000089100000, 0x0000000089200000|  0%| F|  |TAMS 0x0000000089100000, 0x0000000089100000| Untracked 
| 108|0x0000000089200000, 0x0000000089200000, 0x0000000089300000|  0%| F|  |TAMS 0x0000000089200000, 0x0000000089200000| Untracked 
| 109|0x0000000089300000, 0x0000000089300000, 0x0000000089400000|  0%| F|  |TAMS 0x0000000089300000, 0x0000000089300000| Untracked 
| 110|0x0000000089400000, 0x0000000089400000, 0x0000000089500000|  0%| F|  |TAMS 0x0000000089400000, 0x0000000089400000| Untracked 
| 111|0x0000000089500000, 0x0000000089500000, 0x0000000089600000|  0%| F|  |TAMS 0x0000000089500000, 0x0000000089500000| Untracked 
| 112|0x0000000089600000, 0x0000000089600000, 0x0000000089700000|  0%| F|  |TAMS 0x0000000089600000, 0x0000000089600000| Untracked 
| 113|0x0000000089700000, 0x0000000089700000, 0x0000000089800000|  0%| F|  |TAMS 0x0000000089700000, 0x0000000089700000| Untracked 
| 114|0x0000000089800000, 0x0000000089800000, 0x0000000089900000|  0%| F|  |TAMS 0x0000000089800000, 0x0000000089800000| Untracked 
| 115|0x0000000089900000, 0x0000000089900000, 0x0000000089a00000|  0%| F|  |TAMS 0x0000000089900000, 0x0000000089900000| Untracked 
| 116|0x0000000089a00000, 0x0000000089aec0b8, 0x0000000089b00000| 92%| E|  |TAMS 0x0000000089a00000, 0x0000000089a00000| Complete 
| 117|0x0000000089b00000, 0x0000000089c00000, 0x0000000089c00000|100%| E|CS|TAMS 0x0000000089b00000, 0x0000000089b00000| Complete 
| 118|0x0000000089c00000, 0x0000000089d00000, 0x0000000089d00000|100%| E|CS|TAMS 0x0000000089c00000, 0x0000000089c00000| Complete 
| 119|0x0000000089d00000, 0x0000000089e00000, 0x0000000089e00000|100%| E|CS|TAMS 0x0000000089d00000, 0x0000000089d00000| Complete 
| 120|0x0000000089e00000, 0x0000000089f00000, 0x0000000089f00000|100%| E|CS|TAMS 0x0000000089e00000, 0x0000000089e00000| Complete 
| 121|0x0000000089f00000, 0x000000008a000000, 0x000000008a000000|100%| E|CS|TAMS 0x0000000089f00000, 0x0000000089f00000| Complete 
| 122|0x000000008a000000, 0x000000008a100000, 0x000000008a100000|100%| E|CS|TAMS 0x000000008a000000, 0x000000008a000000| Complete 
| 123|0x000000008a100000, 0x000000008a200000, 0x000000008a200000|100%| E|CS|TAMS 0x000000008a100000, 0x000000008a100000| Complete 
| 124|0x000000008a200000, 0x000000008a300000, 0x000000008a300000|100%| E|CS|TAMS 0x000000008a200000, 0x000000008a200000| Complete 
| 125|0x000000008a300000, 0x000000008a400000, 0x000000008a400000|100%| E|CS|TAMS 0x000000008a300000, 0x000000008a300000| Complete 

Card table byte_map: [0x000001a6e6120000,0x000001a6e6510000] _byte_map_base: 0x000001a6e5d0d000

Marking Bits (Prev, Next): (CMBitMap*) 0x000001a6d3027c50, (CMBitMap*) 0x000001a6d3027c90
 Prev Bits: [0x000001a6e6900000, 0x000001a6e8868000)
 Next Bits: [0x000001a6e8870000, 0x000001a6ea7d8000)

Polling page: 0x000001a6d0ee0000

Metaspace:

Usage:
  Non-class:     11.77 MB capacity,    11.62 MB ( 99%) used,   139.65 KB (  1%) free+waste,    15.31 KB ( <1%) overhead. 
      Class:      1.25 MB capacity,     1.19 MB ( 95%) used,    52.83 KB (  4%) free+waste,     5.25 KB ( <1%) overhead. 
       Both:     13.02 MB capacity,    12.81 MB ( 98%) used,   192.48 KB (  1%) free+waste,    20.56 KB ( <1%) overhead. 

Virtual space:
  Non-class space:       12.00 MB reserved,      12.00 MB (100%) committed 
      Class space:        1.00 GB reserved,       1.25 MB ( <1%) committed 
             Both:        1.01 GB reserved,      13.25 MB (  1%) committed 

Chunk freelists:
   Non-Class:  46.00 KB
       Class:  2.00 KB
        Both:  48.00 KB

MaxMetaspaceSize: 17179869184.00 GB
CompressedClassSpaceSize: 1.00 GB

CodeHeap 'non-profiled nmethods': size=120000Kb used=416Kb max_used=416Kb free=119583Kb
 bounds [0x000001a6de4d0000, 0x000001a6de740000, 0x000001a6e5a00000]
CodeHeap 'profiled nmethods': size=120000Kb used=1823Kb max_used=1823Kb free=118176Kb
 bounds [0x000001a6d6fa0000, 0x000001a6d7210000, 0x000001a6de4d0000]
CodeHeap 'non-nmethods': size=5760Kb used=1252Kb max_used=1340Kb free=4507Kb
 bounds [0x000001a6d6a00000, 0x000001a6d6c70000, 0x000001a6d6fa0000]
 total_blobs=1603 nmethods=1067 adapters=449
 compilation: enabled
              stopped_count=0, restarted_count=0
 full_count=0

Compilation events (20 events):
Event: 23.627 Thread 0x000001a6ed264d50 nmethod 1056 0x000001a6de51e510 code [0x000001a6de51e960, 0x000001a6de524df8]
Event: 23.932 Thread 0x000001a6edaaa3b0 1057       1       java.beans.PropertyChangeEvent::getNewValue (5 bytes)
Event: 23.932 Thread 0x000001a6edaaa3b0 nmethod 1057 0x000001a6de527790 code [0x000001a6de527920, 0x000001a6de5279d8]
Event: 89.555 Thread 0x000001a6ed264d50 1058       4       java.util.IdentityHashMap::get (60 bytes)
Event: 89.561 Thread 0x000001a6ed264d50 nmethod 1058 0x000001a6de527a90 code [0x000001a6de527c20, 0x000001a6de527dc8]
Event: 195.675 Thread 0x000001a6ed264d50 1059  s    4       javax.swing.RepaintManager::extendDirtyRegion (36 bytes)
Event: 195.677 Thread 0x000001a6ed264d50 nmethod 1059 0x000001a6de527f90 code [0x000001a6de528140, 0x000001a6de5285a8]
Event: 218.527 Thread 0x000001a6ed264d50 1060       4       javax.swing.RepaintManager::currentManager (37 bytes)
Event: 218.528 Thread 0x000001a6ed264d50 nmethod 1060 0x000001a6de528890 code [0x000001a6de528a20, 0x000001a6de528ac8]
Event: 218.692 Thread 0x000001a6ed264d50 1061   !   4       javax.swing.RepaintManager::addDirtyRegion0 (205 bytes)
Event: 218.869 Thread 0x000001a6ed264d50 nmethod 1061 0x000001a6de528c10 code [0x000001a6de5292a0, 0x000001a6de532960]
Event: 218.896 Thread 0x000001a6ed264d50 1062       4       java.awt.Component::repaint (16 bytes)
Event: 218.898 Thread 0x000001a6ed264d50 nmethod 1062 0x000001a6de536e10 code [0x000001a6de536fc0, 0x000001a6de537198]
Event: 2462.939 Thread 0x000001a6edaaa3b0 1063 % !   3       BallGame::launch @ 85 (106 bytes)
Event: 2462.940 Thread 0x000001a6edaaa3b0 nmethod 1063% 0x000001a6d7164e10 code [0x000001a6d71650c0, 0x000001a6d71660e8]
Event: 2504.791 Thread 0x000001a6edaaa3b0 1064   !   3       BallGame::launch (106 bytes)
Event: 2504.792 Thread 0x000001a6edaaa3b0 nmethod 1064 0x000001a6d7166590 code [0x000001a6d7166820, 0x000001a6d7167808]
Event: 4132.186 Thread 0x000001a6ed264d50 1065 % !   4       BallGame::launch @ 85 (106 bytes)
Event: 4132.202 Thread 0x000001a6ed264d50 nmethod 1065% 0x000001a6de537410 code [0x000001a6de5375e0, 0x000001a6de537830]
Event: 4418.979 Thread 0x000001a6ed264d50 1067       4       jdk.internal.org.objectweb.asm.ByteVector::putShort (52 bytes)

GC Heap History (0 events):
No events

Deoptimization events (20 events):
Event: 23.925 Thread 0x000001a6ee12edb0 DEOPT PACKING pc=0x000001a6de523984 sp=0x000000770f9fec60
Event: 23.925 Thread 0x000001a6ee12edb0 DEOPT UNPACKING pc=0x000001a6d6a4e42f sp=0x000000770f9feaa8 mode 2
Event: 23.925 Thread 0x000001a6ee12edb0 Uncommon trap: trap_request=0xffffff45 fr.pc=0x000001a6de51e0a0 relative=0x0000000000000260
Event: 23.925 Thread 0x000001a6ee12edb0 Uncommon trap: reason=unstable_if action=reinterpret pc=0x000001a6de51e0a0 method=java.security.AccessController.getContext()Ljava/security/AccessControlContext; @ 5 c2
Event: 23.925 Thread 0x000001a6ee12edb0 DEOPT PACKING pc=0x000001a6de51e0a0 sp=0x000000770f9fe000
Event: 23.925 Thread 0x000001a6ee12edb0 DEOPT UNPACKING pc=0x000001a6d6a4e42f sp=0x000000770f9fdfa8 mode 2
Event: 23.931 Thread 0x000001a6ee12edb0 Uncommon trap: trap_request=0xffffff45 fr.pc=0x000001a6de521d48 relative=0x00000000000033e8
Event: 23.931 Thread 0x000001a6ee12edb0 Uncommon trap: reason=unstable_if action=reinterpret pc=0x000001a6de521d48 method=java.awt.EventQueue.getPriority(Ljava/awt/AWTEvent;)I @ 4 c2
Event: 23.931 Thread 0x000001a6ee12edb0 DEOPT PACKING pc=0x000001a6de521d48 sp=0x000000770f9fec60
Event: 23.931 Thread 0x000001a6ee12edb0 DEOPT UNPACKING pc=0x000001a6d6a4e42f sp=0x000000770f9feb28 mode 2
Event: 2797.356 Thread 0x000001a6d2fe3120 DEOPT PACKING pc=0x000001a6d7165f44 sp=0x000000770e4ff330
Event: 2797.357 Thread 0x000001a6d2fe3120 DEOPT UNPACKING pc=0x000001a6d6a4e23f sp=0x000000770e4fe860 mode 0
Event: 3130.822 Thread 0x000001a6d2fe3120 DEOPT PACKING pc=0x000001a6d7165f44 sp=0x000000770e4ff330
Event: 3130.822 Thread 0x000001a6d2fe3120 DEOPT UNPACKING pc=0x000001a6d6a4e23f sp=0x000000770e4fe860 mode 0
Event: 3464.476 Thread 0x000001a6d2fe3120 DEOPT PACKING pc=0x000001a6d7165f44 sp=0x000000770e4ff330
Event: 3464.476 Thread 0x000001a6d2fe3120 DEOPT UNPACKING pc=0x000001a6d6a4e23f sp=0x000000770e4fe860 mode 0
Event: 3798.435 Thread 0x000001a6d2fe3120 DEOPT PACKING pc=0x000001a6d7165f44 sp=0x000000770e4ff330
Event: 3798.435 Thread 0x000001a6d2fe3120 DEOPT UNPACKING pc=0x000001a6d6a4e23f sp=0x000000770e4fe860 mode 0
Event: 4132.186 Thread 0x000001a6d2fe3120 DEOPT PACKING pc=0x000001a6d7165f44 sp=0x000000770e4ff330
Event: 4132.186 Thread 0x000001a6d2fe3120 DEOPT UNPACKING pc=0x000001a6d6a4e23f sp=0x000000770e4fe860 mode 0

Classes unloaded (0 events):
No events

Classes redefined (0 events):
No events

Internal exceptions (14 events):
Event: 0.104 Thread 0x000001a6d2fe3120 Exception <a 'java/lang/NoSuchMethodError'{0x000000008a3dfcc8}: 'void java.lang.invoke.DirectMethodHandle$Holder.invokeSpecial(java.lang.Object, java.lang.Object, java.lang.Object)'> (0x000000008a3dfcc8) 
thrown [./open/src/hotspot/share/interpreter/linkResolver.cpp, line 782]
Event: 0.126 Thread 0x000001a6d2fe3120 Exception <a 'java/lang/ClassNotFoundException'{0x000000008a2150d0}: sun/awt/resources/spi/awtProvider> (0x000000008a2150d0) 
thrown [./open/src/hotspot/share/classfile/systemDictionary.cpp, line 295]
Event: 0.148 Thread 0x000001a6d2fe3120 Exception <a 'java/io/FileNotFoundException'{0x000000008a272430}> (0x000000008a272430) 
thrown [./open/src/hotspot/share/prims/jni.cpp, line 578]
Event: 0.154 Thread 0x000001a6d2fe3120 Exception <a 'java/io/FileNotFoundException'{0x000000008a2a1098}> (0x000000008a2a1098) 
thrown [./open/src/hotspot/share/prims/jni.cpp, line 578]
Event: 0.154 Thread 0x000001a6d2fe3120 Exception <a 'java/lang/NoSuchMethodError'{0x000000008a2a27b8}: 'java.lang.Object java.lang.invoke.DirectMethodHandle$Holder.invokeStatic(java.lang.Object)'> (0x000000008a2a27b8) 
thrown [./open/src/hotspot/share/interpreter/linkResolver.cpp, line 782]
Event: 0.194 Thread 0x000001a6d2fe3120 Exception <a 'java/lang/NoSuchMethodError'{0x000000008a2febb8}: 'java.lang.Object java.lang.invoke.DirectMethodHandle$Holder.invokeStaticInit(java.lang.Object)'> (0x000000008a2febb8) 
thrown [./open/src/hotspot/share/interpreter/linkResolver.cpp, line 782]
Event: 0.234 Thread 0x000001a6d2fe3120 Exception <a 'java/lang/NoSuchMethodError'{0x000000008a1715e8}: 'java.lang.Object java.lang.invoke.DirectMethodHandle$Holder.newInvokeSpecial(java.lang.Object, java.lang.Object, java.lang.Object, java.lang.Object, java.lang.Object)'> (0x000000008a1715e8) 
thrown [./open/src/hotspot/share/interpreter/linkResolver.cpp, line 782]
Event: 0.235 Thread 0x000001a6d2fe3120 Exception <a 'java/lang/NoSuchMethodError'{0x000000008a1f2f58}: 'java.lang.Object java.lang.invoke.DirectMethodHandle$Holder.invokeStatic(java.lang.Object, int, java.lang.Object, java.lang.Object, java.lang.Object, java.lang.Object)'> (0x000000008a1f2f58) 
thrown [./open/src/hotspot/share/interpreter/linkResolver.cpp, line 782]
Event: 0.238 Thread 0x000001a6d2fe3120 Exception <a 'java/lang/NoSuchMethodError'{0x000000008a019798}: 'java.lang.Object java.lang.invoke.DirectMethodHandle$Holder.invokeStatic(java.lang.Object, int, java.lang.Object)'> (0x000000008a019798) 
thrown [./open/src/hotspot/share/interpreter/linkResolver.cpp, line 782]
Event: 0.256 Thread 0x000001a6d2fe3120 Exception <a 'java/lang/ClassNotFoundException'{0x000000008a0d1e30}: com/sun/swing/internal/plaf/metal/resources/spi/metalProvider> (0x000000008a0d1e30) 
thrown [./open/src/hotspot/share/classfile/systemDictionary.cpp, line 295]
Event: 0.257 Thread 0x000001a6d2fe3120 Exception <a 'java/lang/ClassNotFoundException'{0x000000008a0d7e08}: com/sun/swing/internal/plaf/basic/resources/spi/basicProvider> (0x000000008a0d7e08) 
thrown [./open/src/hotspot/share/classfile/systemDictionary.cpp, line 295]
Event: 0.285 Thread 0x000001a6d2fe3120 Exception <a 'java/lang/NoSuchMethodError'{0x0000000089f17dc0}: 'void java.lang.invoke.DirectMethodHandle$Holder.invokeStaticInit(java.lang.Object)'> (0x0000000089f17dc0) 
thrown [./open/src/hotspot/share/interpreter/linkResolver.cpp, line 782]
Event: 23.925 Thread 0x000001a6ee12edb0 Implicit null exception at 0x000001a6de51de60 to 0x000001a6de51e092
Event: 4418.978 Thread 0x000001a6ee12edb0 Exception <a 'java/lang/NoSuchMethodError'{0x0000000089ae10b0}: 'void java.lang.invoke.DirectMethodHandle$Holder.invokeVirtual(java.lang.Object, java.lang.Object)'> (0x0000000089ae10b0) 
thrown [./open/src/hotspot/share/interpreter/linkResolver.cpp, line 782]

Events (20 events):
Event: 7.327 Executing VM operation: HandshakeAllThreads done
Event: 10.329 Executing VM operation: HandshakeAllThreads
Event: 10.329 Executing VM operation: HandshakeAllThreads done
Event: 10.801 Loaded shared library C:\Users\zyzgy\.p2\pool\plugins\org.eclipse.justj.openjdk.hotspot.jre.full.win32.x86_64_15.0.2.v20210201-0955\jre\bin\java.dll
Event: 13.331 Executing VM operation: HandshakeAllThreads
Event: 13.331 Executing VM operation: HandshakeAllThreads done
Event: 19.333 Executing VM operation: HandshakeAllThreads
Event: 19.333 Executing VM operation: HandshakeAllThreads done
Event: 23.925 loading class java/awt/KeyboardFocusManager$2
Event: 23.925 loading class java/awt/KeyboardFocusManager$2 done
Event: 23.925 loading class sun/awt/SunToolkit$1
Event: 23.925 loading class sun/awt/SunToolkit$1 done
Event: 24.336 Executing VM operation: HandshakeAllThreads
Event: 24.336 Executing VM operation: HandshakeAllThreads done
Event: 4418.970 loading class java/util/Collections$SynchronizedSet
Event: 4418.973 loading class java/util/Collections$SynchronizedSet done
Event: 4418.973 loading class java/util/WeakHashMap$KeyIterator
Event: 4418.974 loading class java/util/WeakHashMap$HashIterator
Event: 4418.975 loading class java/util/WeakHashMap$HashIterator done
Event: 4418.975 loading class java/util/WeakHashMap$KeyIterator done


Dynamic libraries:
0x00007ff6449c0000 - 0x00007ff6449cd000 	C:\Users\zyzgy\.p2\pool\plugins\org.eclipse.justj.openjdk.hotspot.jre.full.win32.x86_64_15.0.2.v20210201-0955\jre\bin\javaw.exe
0x00007ffb52f30000 - 0x00007ffb53125000 	C:\WINDOWS\SYSTEM32\ntdll.dll
0x00007ffb51d90000 - 0x00007ffb51e4e000 	C:\WINDOWS\System32\KERNEL32.DLL
0x00007ffb50b70000 - 0x00007ffb50e39000 	C:\WINDOWS\System32\KERNELBASE.dll
0x00007ffb50840000 - 0x00007ffb50940000 	C:\WINDOWS\System32\ucrtbase.dll
0x00007ffb38a90000 - 0x00007ffb38aa8000 	C:\Users\zyzgy\.p2\pool\plugins\org.eclipse.justj.openjdk.hotspot.jre.full.win32.x86_64_15.0.2.v20210201-0955\jre\bin\jli.dll
0x00007ffb38a40000 - 0x00007ffb38a59000 	C:\Users\zyzgy\.p2\pool\plugins\org.eclipse.justj.openjdk.hotspot.jre.full.win32.x86_64_15.0.2.v20210201-0955\jre\bin\VCRUNTIME140.dll
0x00007ffb51f60000 - 0x00007ffb52101000 	C:\WINDOWS\System32\USER32.dll
0x00007ffb34950000 - 0x00007ffb34bea000 	C:\WINDOWS\WinSxS\amd64_microsoft.windows.common-controls_6595b64144ccf1df_6.0.19041.1110_none_60b5254171f9507e\COMCTL32.dll
0x00007ffb50650000 - 0x00007ffb50672000 	C:\WINDOWS\System32\win32u.dll
0x00007ffb52de0000 - 0x00007ffb52e7e000 	C:\WINDOWS\System32\msvcrt.dll
0x00007ffb51130000 - 0x00007ffb5115b000 	C:\WINDOWS\System32\GDI32.dll
0x00007ffb506d0000 - 0x00007ffb507db000 	C:\WINDOWS\System32\gdi32full.dll
0x00007ffb50970000 - 0x00007ffb50a0d000 	C:\WINDOWS\System32\msvcp_win.dll
0x00007ffb52610000 - 0x00007ffb52640000 	C:\WINDOWS\System32\IMM32.DLL
0x00007ffb4a380000 - 0x00007ffb4a38c000 	C:\Users\zyzgy\.p2\pool\plugins\org.eclipse.justj.openjdk.hotspot.jre.full.win32.x86_64_15.0.2.v20210201-0955\jre\bin\vcruntime140_1.dll
0x00007ffb38730000 - 0x00007ffb387c1000 	C:\Users\zyzgy\.p2\pool\plugins\org.eclipse.justj.openjdk.hotspot.jre.full.win32.x86_64_15.0.2.v20210201-0955\jre\bin\msvcp140.dll
0x00007ffad7ac0000 - 0x00007ffad861e000 	C:\Users\zyzgy\.p2\pool\plugins\org.eclipse.justj.openjdk.hotspot.jre.full.win32.x86_64_15.0.2.v20210201-0955\jre\bin\server\jvm.dll
0x00007ffb51180000 - 0x00007ffb5122c000 	C:\WINDOWS\System32\ADVAPI32.dll
0x00007ffb52c00000 - 0x00007ffb52c9b000 	C:\WINDOWS\System32\sechost.dll
0x00007ffb50f80000 - 0x00007ffb510aa000 	C:\WINDOWS\System32\RPCRT4.dll
0x00007ffb52640000 - 0x00007ffb52648000 	C:\WINDOWS\System32\PSAPI.DLL
0x00007ffb2b080000 - 0x00007ffb2b089000 	C:\WINDOWS\SYSTEM32\WSOCK32.dll
0x00007ffb37080000 - 0x00007ffb370a7000 	C:\WINDOWS\SYSTEM32\WINMM.dll
0x00007ffb52e80000 - 0x00007ffb52eeb000 	C:\WINDOWS\System32\WS2_32.dll
0x00007ffb47e80000 - 0x00007ffb47e8a000 	C:\WINDOWS\SYSTEM32\VERSION.dll
0x00007ffb4ef00000 - 0x00007ffb4ef12000 	C:\WINDOWS\SYSTEM32\kernel.appcore.dll
0x00007ffb4da60000 - 0x00007ffb4da6a000 	C:\Users\zyzgy\.p2\pool\plugins\org.eclipse.justj.openjdk.hotspot.jre.full.win32.x86_64_15.0.2.v20210201-0955\jre\bin\jimage.dll
0x00007ffb4e450000 - 0x00007ffb4e634000 	C:\WINDOWS\SYSTEM32\DBGHELP.DLL
0x00007ffb2e8b0000 - 0x00007ffb2e8dc000 	C:\WINDOWS\SYSTEM32\dbgcore.DLL
0x00007ffb50e40000 - 0x00007ffb50ec3000 	C:\WINDOWS\System32\bcryptPrimitives.dll
0x00007ffb4a180000 - 0x00007ffb4a1a5000 	C:\Users\zyzgy\.p2\pool\plugins\org.eclipse.justj.openjdk.hotspot.jre.full.win32.x86_64_15.0.2.v20210201-0955\jre\bin\java.dll
0x00007ffb4a160000 - 0x00007ffb4a178000 	C:\Users\zyzgy\.p2\pool\plugins\org.eclipse.justj.openjdk.hotspot.jre.full.win32.x86_64_15.0.2.v20210201-0955\jre\bin\zip.dll
0x00007ffb515a0000 - 0x00007ffb51cdf000 	C:\WINDOWS\System32\SHELL32.dll
0x00007ffb4e730000 - 0x00007ffb4eec0000 	C:\WINDOWS\SYSTEM32\windows.storage.dll
0x00007ffb51240000 - 0x00007ffb51595000 	C:\WINDOWS\System32\combase.dll
0x00007ffb500a0000 - 0x00007ffb500cc000 	C:\WINDOWS\SYSTEM32\Wldp.dll
0x00007ffb51ce0000 - 0x00007ffb51d8d000 	C:\WINDOWS\System32\SHCORE.dll
0x00007ffb52ba0000 - 0x00007ffb52bf5000 	C:\WINDOWS\System32\shlwapi.dll
0x00007ffb50590000 - 0x00007ffb505af000 	C:\WINDOWS\SYSTEM32\profapi.dll
0x00007ffb114f0000 - 0x00007ffb1166f000 	C:\Users\zyzgy\.p2\pool\plugins\org.eclipse.justj.openjdk.hotspot.jre.full.win32.x86_64_15.0.2.v20210201-0955\jre\bin\awt.dll
0x00007ffb52ad0000 - 0x00007ffb52b9d000 	C:\WINDOWS\System32\OLEAUT32.dll
0x00007ffb4db00000 - 0x00007ffb4db90000 	C:\WINDOWS\SYSTEM32\apphelp.dll
0x00007ffb4dec0000 - 0x00007ffb4deef000 	C:\WINDOWS\system32\DWMAPI.DLL
0x00007ffb4dcd0000 - 0x00007ffb4dd6e000 	C:\WINDOWS\system32\uxtheme.dll
0x00007ffb26070000 - 0x00007ffb26195000 	C:\WINDOWS\system32\opengl32.dll
0x00007ffb32db0000 - 0x00007ffb32ddc000 	C:\WINDOWS\SYSTEM32\GLU32.dll
0x00007ffb52110000 - 0x00007ffb52225000 	C:\WINDOWS\System32\MSCTF.dll
0x00007ffb522c0000 - 0x00007ffb523ea000 	C:\WINDOWS\System32\ole32.dll
0x00007ffb32880000 - 0x00007ffb32905000 	C:\Users\zyzgy\.p2\pool\plugins\org.eclipse.justj.openjdk.hotspot.jre.full.win32.x86_64_15.0.2.v20210201-0955\jre\bin\freetype.dll
0x00007ffb17be0000 - 0x00007ffb17c89000 	C:\Users\zyzgy\.p2\pool\plugins\org.eclipse.justj.openjdk.hotspot.jre.full.win32.x86_64_15.0.2.v20210201-0955\jre\bin\fontmanager.dll
0x00007ffb4a140000 - 0x00007ffb4a159000 	C:\Users\zyzgy\.p2\pool\plugins\org.eclipse.justj.openjdk.hotspot.jre.full.win32.x86_64_15.0.2.v20210201-0955\jre\bin\net.dll
0x00007ffb41570000 - 0x00007ffb41678000 	C:\WINDOWS\SYSTEM32\WINHTTP.dll
0x00007ffb320b0000 - 0x00007ffb32385000 	C:\Windows\Netease\Booster\lsp64.dll
0x00007ffb50a10000 - 0x00007ffb50b66000 	C:\WINDOWS\System32\CRYPT32.dll
0x00007ffb4faa0000 - 0x00007ffb4fadb000 	C:\WINDOWS\SYSTEM32\IPHLPAPI.DLL
0x00007ffb4fe00000 - 0x00007ffb4fe6a000 	C:\WINDOWS\system32\mswsock.dll
0x00007ffb50230000 - 0x00007ffb50242000 	C:\WINDOWS\SYSTEM32\MSASN1.dll
0x00007ffb4fff0000 - 0x00007ffb50008000 	C:\WINDOWS\SYSTEM32\CRYPTSP.dll
0x00007ffb4f710000 - 0x00007ffb4f744000 	C:\WINDOWS\system32\rsaenh.dll
0x00007ffb50940000 - 0x00007ffb50967000 	C:\WINDOWS\System32\bcrypt.dll
0x00007ffb50010000 - 0x00007ffb5001c000 	C:\WINDOWS\SYSTEM32\CRYPTBASE.dll
0x00007ffb48730000 - 0x00007ffb48742000 	C:\Users\zyzgy\.p2\pool\plugins\org.eclipse.justj.openjdk.hotspot.jre.full.win32.x86_64_15.0.2.v20210201-0955\jre\bin\nio.dll
0x00007ffb48620000 - 0x00007ffb48719000 	C:\WINDOWS\SYSTEM32\textinputframework.dll
0x00007ffb4d470000 - 0x00007ffb4d7ce000 	C:\WINDOWS\System32\CoreUIComponents.dll
0x00007ffb4d7d0000 - 0x00007ffb4d8c2000 	C:\WINDOWS\System32\CoreMessaging.dll
0x00007ffb4f340000 - 0x00007ffb4f373000 	C:\WINDOWS\SYSTEM32\ntmarta.dll
0x00007ffb4bfd0000 - 0x00007ffb4c124000 	C:\WINDOWS\SYSTEM32\wintypes.dll
0x00007ffb38a10000 - 0x00007ffb38a3d000 	C:\Users\zyzgy\.p2\pool\plugins\org.eclipse.justj.openjdk.hotspot.jre.full.win32.x86_64_15.0.2.v20210201-0955\jre\bin\javajpeg.dll

dbghelp: loaded successfully - version: 4.0.5 - missing functions: none
symbol engine: initialized successfully - sym options: 0x614 - pdb path: .;C:\Users\zyzgy\.p2\pool\plugins\org.eclipse.justj.openjdk.hotspot.jre.full.win32.x86_64_15.0.2.v20210201-0955\jre\bin;C:\WINDOWS\SYSTEM32;C:\WINDOWS\WinSxS\amd64_microsoft.windows.common-controls_6595b64144ccf1df_6.0.19041.1110_none_60b5254171f9507e;C:\Users\zyzgy\.p2\pool\plugins\org.eclipse.justj.openjdk.hotspot.jre.full.win32.x86_64_15.0.2.v20210201-0955\jre\bin\server;C:\Windows\Netease\Booster

VM Arguments:
jvm_args: -Dfile.encoding=GBK -XX:+ShowCodeDetailsInExceptionMessages 
java_command: BallGame
java_class_path (initial): C:\Users\zyzgy\eclipse-workspace\2dProject\bin
Launcher Type: SUN_STANDARD

[Global flags]
     intx CICompilerCount                          = 4                                         {product} {ergonomic}
     uint ConcGCThreads                            = 2                                         {product} {ergonomic}
     uint G1ConcRefinementThreads                  = 8                                         {product} {ergonomic}
   size_t G1HeapRegionSize                         = 1048576                                   {product} {ergonomic}
    uintx GCDrainStackTargetSize                   = 64                                        {product} {ergonomic}
   size_t InitialHeapSize                          = 132120576                                 {product} {ergonomic}
   size_t MarkStackSize                            = 4194304                                   {product} {ergonomic}
   size_t MaxHeapSize                              = 2107637760                                {product} {ergonomic}
   size_t MaxNewSize                               = 1264582656                                {product} {ergonomic}
   size_t MinHeapDeltaBytes                        = 1048576                                   {product} {ergonomic}
   size_t MinHeapSize                              = 8388608                                   {product} {ergonomic}
    uintx NonNMethodCodeHeapSize                   = 5839372                                {pd product} {ergonomic}
    uintx NonProfiledCodeHeapSize                  = 122909434                              {pd product} {ergonomic}
    uintx ProfiledCodeHeapSize                     = 122909434                              {pd product} {ergonomic}
    uintx ReservedCodeCacheSize                    = 251658240                              {pd product} {ergonomic}
     bool SegmentedCodeCache                       = true                                      {product} {ergonomic}
     bool ShowCodeDetailsInExceptionMessages       = true                                   {manageable} {command line}
   size_t SoftMaxHeapSize                          = 2107637760                             {manageable} {ergonomic}
     bool UseCompressedClassPointers               = true                                 {lp64_product} {ergonomic}
     bool UseCompressedOops                        = true                                 {lp64_product} {ergonomic}
     bool UseG1GC                                  = true                                      {product} {ergonomic}
     bool UseLargePagesIndividualAllocation        = false                                  {pd product} {ergonomic}

Logging:
Log output configuration:
 #0: stdout all=warning uptime,level,tags
 #1: stderr all=off uptime,level,tags

Environment Variables:
PATH=C:/Users/zyzgy/.p2/pool/plugins/org.eclipse.justj.openjdk.hotspot.jre.full.win32.x86_64_15.0.2.v20210201-0955/jre/bin/server;C:/Users/zyzgy/.p2/pool/plugins/org.eclipse.justj.openjdk.hotspot.jre.full.win32.x86_64_15.0.2.v20210201-0955/jre/bin;C:\Program Files (x86)\VMware\VMware Workstation\bin\;C:\Program Files (x86)\Common Files\Oracle\Java\javapath;C:\windows\system32;C:\windows;C:\windows\System32\Wbem;C:\windows\System32\WindowsPowerShell\v1.0\;C:\windows\System32\OpenSSH\;C:\Program Files (x86)\NVIDIA Corporation\PhysX\Common;C:\Program Files\NVIDIA Corporation\NVIDIA NvDLISR;C:\Users\zyzgy\Desktop\mysql-8.0.22-winx64\bin;C:\Program Files\dotnet\;C:\Program Files\MATLAB\R2020b\bin;C:\WINDOWS\system32;C:\WINDOWS;C:\WINDOWS\System32\Wbem;C:\WINDOWS\System32\WindowsPowerShell\v1.0\;C:\WINDOWS\System32\OpenSSH\;C:\Program Files\Git\cmd;C:\Users\zyzgy\AppData\Local\Microsoft\WindowsApps;C:\Users\zyzgy\.dotnet\tools;C:\msys64\mingw64\bin;C:\mingw\mingw32\bin;;C:\Users\zyzgy\Desktop;
USERNAME=zyzgy
OS=Windows_NT
PROCESSOR_IDENTIFIER=Intel64 Family 6 Model 158 Stepping 10, GenuineIntel



---------------  S Y S T E M  ---------------

OS:
 Windows 10 , 64 bit Build 19041 (10.0.19041.1202)
OS uptime: 2 days 6:38 hours

CPU: total 8 (initial active 8) (4 cores per cpu, 2 threads per core) family 6 model 158 stepping 10 microcode 0xd6, cmov, cx8, fxsr, mmx, sse, sse2, sse3, ssse3, sse4.1, sse4.2, popcnt, vzeroupper, avx, avx2, aes, clmul, erms, 3dnowpref, lzcnt, ht, tsc, tscinvbit, bmi1, bmi2, adx, fma, clflush, clflushopt

Memory: 4k page, system-wide physical 8033M (1477M free)
TotalPageFile size 32609M (AvailPageFile size 15M)
current process WorkingSet (physical memory assigned to process): 27M, peak: 88M
current process commit charge ("private bytes"): 214M, peak: 238M

vm_info: OpenJDK 64-Bit Server VM (15.0.2+7-27) for windows-amd64 JRE (15.0.2+7-27), built on Dec  7 2020 20:02:38 by "mach5one" with unknown MS VC++:1925

END.
