#
# There is insufficient memory for the Java Runtime Environment to continue.
# Native memory allocation (mmap) failed to map 132120576 bytes for G1 virtual space
# Possible reasons:
#   The system is out of physical RAM or swap space
#   The process is running with CompressedOops enabled, and the Java Heap may be blocking the growth of the native heap
# Possible solutions:
#   Reduce memory load on the system
#   Increase physical memory or swap space
#   Check if swap backing store is full
#   Decrease Java heap size (-Xmx/-Xms)
#   Decrease number of Java threads
#   Decrease Java thread stack sizes (-Xss)
#   Set larger code cache with -XX:ReservedCodeCacheSize=
#   JVM is running with Unscaled Compressed Oops mode in which the Java heap is
#     placed in the first 4GB address space. The Java Heap base address is the
#     maximum limit for the native heap growth. Please use -XX:HeapBaseMinAddress
#     to set the Java Heap base and to place the Java Heap above 4GB virtual address.
# This output file may be truncated or incomplete.
#
#  Out of Memory Error (./open/src/hotspot/os/windows/os_windows.cpp:3321), pid=26960, tid=13284
#
# JRE version:  (15.0.2+7) (build )
# Java VM: OpenJDK 64-Bit Server VM (15.0.2+7-27, mixed mode, sharing, tiered, compressed oops, g1 gc, windows-amd64)
# No core dump will be written. Minidumps are not enabled by default on client versions of Windows
#

---------------  S U M M A R Y ------------

Command Line: -Dfile.encoding=GBK -XX:+ShowCodeDetailsInExceptionMessages BallGame

Host: Intel(R) Core(TM) i5-9300H CPU @ 2.40GHz, 8 cores, 7G,  Windows 10 , 64 bit Build 19041 (10.0.19041.1202)
Time: Mon Nov  8 01:30:44 2021 西欧标准时间 elapsed time: 0.011569 seconds (0d 0h 0m 0s)

---------------  T H R E A D  ---------------

Current thread (0x0000025ca4b66770):  JavaThread "Unknown thread" [_thread_in_vm, id=13284, stack(0x000000993ef00000,0x000000993f000000)]

Stack: [0x000000993ef00000,0x000000993f000000]
Native frames: (J=compiled Java code, j=interpreted, Vv=VM code, C=native code)
V  [jvm.dll+0x62ae9a]
V  [jvm.dll+0x7817a9]
V  [jvm.dll+0x782f03]
V  [jvm.dll+0x783563]
V  [jvm.dll+0x216325]
V  [jvm.dll+0x6281d9]
V  [jvm.dll+0x61cf55]
V  [jvm.dll+0x2cffdd]
V  [jvm.dll+0x2cfe42]
V  [jvm.dll+0x2d5e1c]
V  [jvm.dll+0x32590a]
V  [jvm.dll+0x324fd4]
V  [jvm.dll+0x2a6f5a]
V  [jvm.dll+0x2a80f8]
V  [jvm.dll+0x75e241]
V  [jvm.dll+0x3341c4]
V  [jvm.dll+0x73e926]
V  [jvm.dll+0x3b7557]
V  [jvm.dll+0x3b8fe1]
C  [jli.dll+0x52fb]
C  [ucrtbase.dll+0x21bb2]
C  [KERNEL32.DLL+0x17034]
C  [ntdll.dll+0x52651]


---------------  P R O C E S S  ---------------

Threads class SMR info:
_java_thread_list=0x00007ffac61b4ff0, length=0, elements={
}

Java Threads: ( => current thread )

Other Threads:
  0x0000025ca4ba5fa0 GCTaskThread "GC Thread#0" [stack: 0x000000993f000000,0x000000993f100000] [id=28184]
  0x0000025ca4bb9300 ConcurrentGCThread "G1 Main Marker" [stack: 0x000000993f100000,0x000000993f200000] [id=24048]
  0x0000025ca4bb9e00 ConcurrentGCThread "G1 Conc#0" [stack: 0x000000993f200000,0x000000993f300000] [id=22836]

[error occurred during error reporting (printing all threads), id 0xc0000005, EXCEPTION_ACCESS_VIOLATION (0xc0000005) at pc=0x00007ffac59a7e27]

VM state: not at safepoint (not fully initialized)

VM Mutex/Monitor currently owned by a thread:  ([mutex/lock_event])
[0x0000025ca4b62190] Heap_lock - owner thread: 0x0000025ca4b66770

Heap address: 0x0000000082600000, size: 2010 MB, Compressed Oops mode: 32-bit
CDS archive(s) mapped at: [0x0000000000000000-0x0000000000000000-0x0000000000000000), size 0, SharedBaseAddress: 0x0000000800000000, ArchiveRelocationMode: 0.
Narrow klass base: 0x0000000000000000, Narrow klass shift: 0, Narrow klass range: 0x0

Heap:
 garbage-first heap   total 129024K, used 0K [0x0000000082600000, 0x0000000100000000)
  region size 1024K, 0 young (0K), 0 survivors (0K)
 Metaspace       used 0K, capacity 0K, committed 0K, reserved 0K
  class space    used 0K, capacity 0K, committed 0K, reserved 0K

Heap Regions: E=young(eden), S=young(survivor), O=old, HS=humongous(starts), HC=humongous(continues), CS=collection set, F=free, OA=open archive, CA=closed archive, TAMS=top-at-mark-start (previous, next)

Card table byte_map: [0x0000025cb9bd0000,0x0000025cb9fc0000] _byte_map_base: 0x0000025cb97bd000

Marking Bits (Prev, Next): (CMBitMap*) 0x0000025ca4ba86c0, (CMBitMap*) 0x0000025ca4ba8700
 Prev Bits: [0x0000025cba3b0000, 0x0000025cbc318000)
 Next Bits: [0x0000025cbc320000, 0x0000025cbe288000)

GC Heap History (0 events):
No events

Deoptimization events (0 events):
No events

Classes unloaded (0 events):
No events

Classes redefined (0 events):
No events

Internal exceptions (0 events):
No events

Events (1 events):
Event: 0.006 Loaded shared library C:\Users\zyzgy\.p2\pool\plugins\org.eclipse.justj.openjdk.hotspot.jre.full.win32.x86_64_15.0.2.v20210201-0955\jre\bin\java.dll


Dynamic libraries:
0x00007ff6449c0000 - 0x00007ff6449cd000 	C:\Users\zyzgy\.p2\pool\plugins\org.eclipse.justj.openjdk.hotspot.jre.full.win32.x86_64_15.0.2.v20210201-0955\jre\bin\javaw.exe
0x00007ffb52f30000 - 0x00007ffb53125000 	C:\WINDOWS\SYSTEM32\ntdll.dll
0x00007ffb51d90000 - 0x00007ffb51e4e000 	C:\WINDOWS\System32\KERNEL32.DLL
0x00007ffb50b70000 - 0x00007ffb50e39000 	C:\WINDOWS\System32\KERNELBASE.dll
0x00007ffb50840000 - 0x00007ffb50940000 	C:\WINDOWS\System32\ucrtbase.dll
0x00007ffb38760000 - 0x00007ffb38778000 	C:\Users\zyzgy\.p2\pool\plugins\org.eclipse.justj.openjdk.hotspot.jre.full.win32.x86_64_15.0.2.v20210201-0955\jre\bin\jli.dll
0x00007ffb38970000 - 0x00007ffb38989000 	C:\Users\zyzgy\.p2\pool\plugins\org.eclipse.justj.openjdk.hotspot.jre.full.win32.x86_64_15.0.2.v20210201-0955\jre\bin\VCRUNTIME140.dll
0x00007ffb51f60000 - 0x00007ffb52101000 	C:\WINDOWS\System32\USER32.dll
0x00007ffb50650000 - 0x00007ffb50672000 	C:\WINDOWS\System32\win32u.dll
0x00007ffb34950000 - 0x00007ffb34bea000 	C:\WINDOWS\WinSxS\amd64_microsoft.windows.common-controls_6595b64144ccf1df_6.0.19041.1110_none_60b5254171f9507e\COMCTL32.dll
0x00007ffb52de0000 - 0x00007ffb52e7e000 	C:\WINDOWS\System32\msvcrt.dll
0x00007ffb51130000 - 0x00007ffb5115b000 	C:\WINDOWS\System32\GDI32.dll
0x00007ffb506d0000 - 0x00007ffb507db000 	C:\WINDOWS\System32\gdi32full.dll
0x00007ffb50970000 - 0x00007ffb50a0d000 	C:\WINDOWS\System32\msvcp_win.dll
0x00007ffb52610000 - 0x00007ffb52640000 	C:\WINDOWS\System32\IMM32.DLL
0x00007ffb4bc80000 - 0x00007ffb4bc8c000 	C:\Users\zyzgy\.p2\pool\plugins\org.eclipse.justj.openjdk.hotspot.jre.full.win32.x86_64_15.0.2.v20210201-0955\jre\bin\vcruntime140_1.dll
0x00007ffb113d0000 - 0x00007ffb11461000 	C:\Users\zyzgy\.p2\pool\plugins\org.eclipse.justj.openjdk.hotspot.jre.full.win32.x86_64_15.0.2.v20210201-0955\jre\bin\msvcp140.dll
0x00007ffac56f0000 - 0x00007ffac624e000 	C:\Users\zyzgy\.p2\pool\plugins\org.eclipse.justj.openjdk.hotspot.jre.full.win32.x86_64_15.0.2.v20210201-0955\jre\bin\server\jvm.dll
0x00007ffb51180000 - 0x00007ffb5122c000 	C:\WINDOWS\System32\ADVAPI32.dll
0x00007ffb52c00000 - 0x00007ffb52c9b000 	C:\WINDOWS\System32\sechost.dll
0x00007ffb50f80000 - 0x00007ffb510aa000 	C:\WINDOWS\System32\RPCRT4.dll
0x00007ffb52640000 - 0x00007ffb52648000 	C:\WINDOWS\System32\PSAPI.DLL
0x00007ffb2b080000 - 0x00007ffb2b089000 	C:\WINDOWS\SYSTEM32\WSOCK32.dll
0x00007ffb37080000 - 0x00007ffb370a7000 	C:\WINDOWS\SYSTEM32\WINMM.dll
0x00007ffb47e80000 - 0x00007ffb47e8a000 	C:\WINDOWS\SYSTEM32\VERSION.dll
0x00007ffb52e80000 - 0x00007ffb52eeb000 	C:\WINDOWS\System32\WS2_32.dll
0x00007ffb4ef00000 - 0x00007ffb4ef12000 	C:\WINDOWS\SYSTEM32\kernel.appcore.dll
0x00007ffb4a390000 - 0x00007ffb4a39a000 	C:\Users\zyzgy\.p2\pool\plugins\org.eclipse.justj.openjdk.hotspot.jre.full.win32.x86_64_15.0.2.v20210201-0955\jre\bin\jimage.dll
0x00007ffb4e450000 - 0x00007ffb4e634000 	C:\WINDOWS\SYSTEM32\DBGHELP.DLL
0x00007ffb2e8b0000 - 0x00007ffb2e8dc000 	C:\WINDOWS\SYSTEM32\dbgcore.DLL
0x00007ffb50e40000 - 0x00007ffb50ec3000 	C:\WINDOWS\System32\bcryptPrimitives.dll
0x00007ffb4a190000 - 0x00007ffb4a1b5000 	C:\Users\zyzgy\.p2\pool\plugins\org.eclipse.justj.openjdk.hotspot.jre.full.win32.x86_64_15.0.2.v20210201-0955\jre\bin\java.dll

dbghelp: loaded successfully - version: 4.0.5 - missing functions: none
symbol engine: initialized successfully - sym options: 0x614 - pdb path: .;C:\Users\zyzgy\.p2\pool\plugins\org.eclipse.justj.openjdk.hotspot.jre.full.win32.x86_64_15.0.2.v20210201-0955\jre\bin;C:\WINDOWS\SYSTEM32;C:\WINDOWS\WinSxS\amd64_microsoft.windows.common-controls_6595b64144ccf1df_6.0.19041.1110_none_60b5254171f9507e;C:\Users\zyzgy\.p2\pool\plugins\org.eclipse.justj.openjdk.hotspot.jre.full.win32.x86_64_15.0.2.v20210201-0955\jre\bin\server

VM Arguments:
jvm_args: -Dfile.encoding=GBK -XX:+ShowCodeDetailsInExceptionMessages 
java_command: BallGame
java_class_path (initial): C:\Users\zyzgy\eclipse-workspace\2dProject\bin
Launcher Type: SUN_STANDARD

[Global flags]
     intx CICompilerCount                          = 4                                         {product} {ergonomic}
     uint ConcGCThreads                            = 2                                         {product} {ergonomic}
     uint G1ConcRefinementThreads                  = 8                                         {product} {ergonomic}
   size_t G1HeapRegionSize                         = 1048576                                   {product} {ergonomic}
    uintx GCDrainStackTargetSize                   = 64                                        {product} {ergonomic}
   size_t InitialHeapSize                          = 132120576                                 {product} {ergonomic}
   size_t MarkStackSize                            = 4194304                                   {product} {ergonomic}
   size_t MaxHeapSize                              = 2107637760                                {product} {ergonomic}
   size_t MinHeapDeltaBytes                        = 1048576                                   {product} {ergonomic}
   size_t MinHeapSize                              = 8388608                                   {product} {ergonomic}
    uintx NonNMethodCodeHeapSize                   = 5839372                                {pd product} {ergonomic}
    uintx NonProfiledCodeHeapSize                  = 122909434                              {pd product} {ergonomic}
    uintx ProfiledCodeHeapSize                     = 122909434                              {pd product} {ergonomic}
    uintx ReservedCodeCacheSize                    = 251658240                              {pd product} {ergonomic}
     bool SegmentedCodeCache                       = true                                      {product} {ergonomic}
     bool ShowCodeDetailsInExceptionMessages       = true                                   {manageable} {command line}
   size_t SoftMaxHeapSize                          = 2107637760                             {manageable} {ergonomic}
     bool UseCompressedClassPointers               = true                                 {lp64_product} {ergonomic}
     bool UseCompressedOops                        = true                                 {lp64_product} {ergonomic}
     bool UseG1GC                                  = true                                      {product} {ergonomic}
     bool UseLargePagesIndividualAllocation        = false                                  {pd product} {ergonomic}

Logging:
Log output configuration:
 #0: stdout all=warning uptime,level,tags
 #1: stderr all=off uptime,level,tags

Environment Variables:
PATH=C:/Users/zyzgy/.p2/pool/plugins/org.eclipse.justj.openjdk.hotspot.jre.full.win32.x86_64_15.0.2.v20210201-0955/jre/bin/server;C:/Users/zyzgy/.p2/pool/plugins/org.eclipse.justj.openjdk.hotspot.jre.full.win32.x86_64_15.0.2.v20210201-0955/jre/bin;C:\Program Files (x86)\VMware\VMware Workstation\bin\;C:\Program Files (x86)\Common Files\Oracle\Java\javapath;C:\windows\system32;C:\windows;C:\windows\System32\Wbem;C:\windows\System32\WindowsPowerShell\v1.0\;C:\windows\System32\OpenSSH\;C:\Program Files (x86)\NVIDIA Corporation\PhysX\Common;C:\Program Files\NVIDIA Corporation\NVIDIA NvDLISR;C:\Users\zyzgy\Desktop\mysql-8.0.22-winx64\bin;C:\Program Files\dotnet\;C:\Program Files\MATLAB\R2020b\bin;C:\WINDOWS\system32;C:\WINDOWS;C:\WINDOWS\System32\Wbem;C:\WINDOWS\System32\WindowsPowerShell\v1.0\;C:\WINDOWS\System32\OpenSSH\;C:\Program Files\Git\cmd;C:\Users\zyzgy\AppData\Local\Microsoft\WindowsApps;C:\Users\zyzgy\.dotnet\tools;C:\msys64\mingw64\bin;C:\mingw\mingw32\bin;;C:\Users\zyzgy\Desktop;
USERNAME=zyzgy
OS=Windows_NT
PROCESSOR_IDENTIFIER=Intel64 Family 6 Model 158 Stepping 10, GenuineIntel



---------------  S Y S T E M  ---------------

OS:
 Windows 10 , 64 bit Build 19041 (10.0.19041.1202)
OS uptime: 2 days 3:33 hours

CPU: total 8 (initial active 8) (4 cores per cpu, 2 threads per core) family 6 model 158 stepping 10 microcode 0xd6, cmov, cx8, fxsr, mmx, sse, sse2, sse3, ssse3, sse4.1, sse4.2, popcnt, vzeroupper, avx, avx2, aes, clmul, erms, 3dnowpref, lzcnt, ht, tsc, tscinvbit, bmi1, bmi2, adx, fma, clflush, clflushopt

Memory: 4k page, system-wide physical 8033M (717M free)
TotalPageFile size 32609M (AvailPageFile size 111M)
current process WorkingSet (physical memory assigned to process): 10M, peak: 10M
current process commit charge ("private bytes"): 60M, peak: 186M

vm_info: OpenJDK 64-Bit Server VM (15.0.2+7-27) for windows-amd64 JRE (15.0.2+7-27), built on Dec  7 2020 20:02:38 by "mach5one" with unknown MS VC++:1925

END.
